-------------------------------------------------------------------------------->8
[2026-01-07T12:51:29.039654263Z][docker-desktop-user-distro] syncContextStores <HOME>/.docker/contexts <-> /mnt/c/Users/robbs/.docker/contexts
[2026-01-07T12:51:29.056863937Z][docker-desktop-user-distro] syncContextStores <HOME>/.docker/contexts <-> /mnt/c/Users/robbs/.docker/contexts os.Symlink <HOME>/.docker/contexts -> /mnt/c/Users/robbs/.docker/contexts
-------------------------------------------------------------------------------->8
[2026-01-07T12:51:29.459791276Z][docker-desktop-user-distro] linkPathToWindows windowsPath = /mnt/c/Users/robbs/.aws, linkPath = <HOME>/.aws
-------------------------------------------------------------------------------->8
[2026-01-07T12:51:29.901838534Z][docker-desktop-user-distro] linkPathToWindows windowsPath = /mnt/c/Users/robbs/.azure, linkPath = <HOME>/.azure
-------------------------------------------------------------------------------->8
[2026-01-07T12:51:30.312963885Z][docker-desktop-user-distro] linkPathToWindows windowsPath = /mnt/c/Users/robbs/.docker/features.json, linkPath = ~/.docker/features.json
-------------------------------------------------------------------------------->8
[2026-01-08T10:25:21.867283325Z][docker-desktop-user-distro] syncContextStores <HOME>/.docker/contexts <-> /mnt/c/Users/robbs/.docker/contexts
[2026-01-08T10:25:21.894484431Z][docker-desktop-user-distro] syncContextStores <HOME>/.docker/contexts <-> /mnt/c/Users/robbs/.docker/contexts: syncNoop
-------------------------------------------------------------------------------->8
[2026-01-08T10:25:22.332163689Z][docker-desktop-user-distro] linkPathToWindows windowsPath = /mnt/c/Users/robbs/.aws, linkPath = <HOME>/.aws
[2026-01-08T10:25:22.351576031Z][docker-desktop-user-distro] no need to symlink <HOME>/.aws to /mnt/c/Users/robbs/.aws: they are the same path already
-------------------------------------------------------------------------------->8
[2026-01-08T10:25:22.788401512Z][docker-desktop-user-distro] linkPathToWindows windowsPath = /mnt/c/Users/robbs/.azure, linkPath = <HOME>/.azure
[2026-01-08T10:25:22.803513251Z][docker-desktop-user-distro] no need to symlink <HOME>/.azure to /mnt/c/Users/robbs/.azure: they are the same path already
-------------------------------------------------------------------------------->8
[2026-01-08T10:25:23.217955738Z][docker-desktop-user-distro] linkPathToWindows windowsPath = /mnt/c/Users/robbs/.docker/features.json, linkPath = ~/.docker/features.json
-------------------------------------------------------------------------------->8
[2026-01-08T10:31:31.428507448Z][docker-desktop-user-distro] syncContextStores <HOME>/.docker/contexts <-> /mnt/c/Users/robbs/.docker/contexts
[2026-01-08T10:31:31.441633266Z][docker-desktop-user-distro] syncContextStores <HOME>/.docker/contexts <-> /mnt/c/Users/robbs/.docker/contexts: syncNoop
-------------------------------------------------------------------------------->8
[2026-01-08T10:31:31.823676363Z][docker-desktop-user-distro] linkPathToWindows windowsPath = /mnt/c/Users/robbs/.aws, linkPath = <HOME>/.aws
[2026-01-08T10:31:31.836717949Z][docker-desktop-user-distro] no need to symlink <HOME>/.aws to /mnt/c/Users/robbs/.aws: they are the same path already
-------------------------------------------------------------------------------->8
[2026-01-08T10:31:32.235187226Z][docker-desktop-user-distro] linkPathToWindows windowsPath = /mnt/c/Users/robbs/.azure, linkPath = <HOME>/.azure
[2026-01-08T10:31:32.251692904Z][docker-desktop-user-distro] no need to symlink <HOME>/.azure to /mnt/c/Users/robbs/.azure: they are the same path already
-------------------------------------------------------------------------------->8
[2026-01-08T10:31:32.656670260Z][docker-desktop-user-distro] linkPathToWindows windowsPath = /mnt/c/Users/robbs/.docker/features.json, linkPath = ~/.docker/features.json
-------------------------------------------------------------------------------->8
[2026-01-09T13:37:46.382095225Z][docker-desktop-user-distro] syncContextStores <HOME>/.docker/contexts <-> /mnt/c/Users/robbs/.docker/contexts
[2026-01-09T13:37:46.392690179Z][docker-desktop-user-distro] syncContextStores <HOME>/.docker/contexts <-> /mnt/c/Users/robbs/.docker/contexts: syncNoop
-------------------------------------------------------------------------------->8
[2026-01-09T13:37:46.751881025Z][docker-desktop-user-distro] linkPathToWindows windowsPath = /mnt/c/Users/robbs/.aws, linkPath = <HOME>/.aws
[2026-01-09T13:37:46.760107724Z][docker-desktop-user-distro] no need to symlink <HOME>/.aws to /mnt/c/Users/robbs/.aws: they are the same path already
-------------------------------------------------------------------------------->8
[2026-01-09T13:37:47.084986900Z][docker-desktop-user-distro] linkPathToWindows windowsPath = /mnt/c/Users/robbs/.azure, linkPath = <HOME>/.azure
[2026-01-09T13:37:47.093824268Z][docker-desktop-user-distro] no need to symlink <HOME>/.azure to /mnt/c/Users/robbs/.azure: they are the same path already
-------------------------------------------------------------------------------->8
[2026-01-09T13:37:47.419783126Z][docker-desktop-user-distro] linkPathToWindows windowsPath = /mnt/c/Users/robbs/.docker/features.json, linkPath = ~/.docker/features.json
-------------------------------------------------------------------------------->8
[2026-01-15T12:29:03.417935092Z][docker-desktop-user-distro] syncContextStores <HOME>/.docker/contexts <-> /mnt/c/Users/robbs/.docker/contexts
[2026-01-15T12:29:03.445583202Z][docker-desktop-user-distro] syncContextStores <HOME>/.docker/contexts <-> /mnt/c/Users/robbs/.docker/contexts: syncNoop
-------------------------------------------------------------------------------->8
[2026-01-15T12:29:03.833493786Z][docker-desktop-user-distro] linkPathToWindows windowsPath = /mnt/c/Users/robbs/.aws, linkPath = <HOME>/.aws
[2026-01-15T12:29:03.849352525Z][docker-desktop-user-distro] no need to symlink <HOME>/.aws to /mnt/c/Users/robbs/.aws: they are the same path already
-------------------------------------------------------------------------------->8
[2026-01-15T12:29:04.256457724Z][docker-desktop-user-distro] linkPathToWindows windowsPath = /mnt/c/Users/robbs/.azure, linkPath = <HOME>/.azure
[2026-01-15T12:29:04.272731326Z][docker-desktop-user-distro] no need to symlink <HOME>/.azure to /mnt/c/Users/robbs/.azure: they are the same path already
-------------------------------------------------------------------------------->8
[2026-01-15T12:29:04.836633265Z][docker-desktop-user-distro] linkPathToWindows windowsPath = /mnt/c/Users/robbs/.docker/features.json, linkPath = ~/.docker/features.json
-------------------------------------------------------------------------------->8
[2026-01-16T10:18:54.133419410Z][docker-desktop-user-distro] syncContextStores <HOME>/.docker/contexts <-> /mnt/c/Users/robbs/.docker/contexts
[2026-01-16T10:18:54.143646469Z][docker-desktop-user-distro] syncContextStores <HOME>/.docker/contexts <-> /mnt/c/Users/robbs/.docker/contexts: syncNoop
-------------------------------------------------------------------------------->8
[2026-01-16T10:18:54.500709207Z][docker-desktop-user-distro] linkPathToWindows windowsPath = /mnt/c/Users/robbs/.aws, linkPath = <HOME>/.aws
[2026-01-16T10:18:54.509726343Z][docker-desktop-user-distro] no need to symlink <HOME>/.aws to /mnt/c/Users/robbs/.aws: they are the same path already
-------------------------------------------------------------------------------->8
[2026-01-16T10:18:54.873162111Z][docker-desktop-user-distro] linkPathToWindows windowsPath = /mnt/c/Users/robbs/.azure, linkPath = <HOME>/.azure
[2026-01-16T10:18:54.881721907Z][docker-desktop-user-distro] no need to symlink <HOME>/.azure to /mnt/c/Users/robbs/.azure: they are the same path already
-------------------------------------------------------------------------------->8
[2026-01-16T10:18:55.226598908Z][docker-desktop-user-distro] linkPathToWindows windowsPath = /mnt/c/Users/robbs/.docker/features.json, linkPath = ~/.docker/features.json
-------------------------------------------------------------------------------->8
[2026-01-16T11:59:27.041053429Z][docker-desktop-user-distro] syncContextStores <HOME>/.docker/contexts <-> /mnt/c/Users/robbs/.docker/contexts
[2026-01-16T11:59:27.052091110Z][docker-desktop-user-distro] syncContextStores <HOME>/.docker/contexts <-> /mnt/c/Users/robbs/.docker/contexts: syncNoop
-------------------------------------------------------------------------------->8
[2026-01-16T11:59:27.394218377Z][docker-desktop-user-distro] linkPathToWindows windowsPath = /mnt/c/Users/robbs/.aws, linkPath = <HOME>/.aws
[2026-01-16T11:59:27.404506406Z][docker-desktop-user-distro] no need to symlink <HOME>/.aws to /mnt/c/Users/robbs/.aws: they are the same path already
-------------------------------------------------------------------------------->8
[2026-01-16T11:59:27.722598062Z][docker-desktop-user-distro] linkPathToWindows windowsPath = /mnt/c/Users/robbs/.azure, linkPath = <HOME>/.azure
[2026-01-16T11:59:27.731074435Z][docker-desktop-user-distro] no need to symlink <HOME>/.azure to /mnt/c/Users/robbs/.azure: they are the same path already
-------------------------------------------------------------------------------->8
[2026-01-16T11:59:28.049239185Z][docker-desktop-user-distro] linkPathToWindows windowsPath = /mnt/c/Users/robbs/.docker/features.json, linkPath = ~/.docker/features.json
-------------------------------------------------------------------------------->8
[2026-01-19T08:29:59.047600664Z][docker-desktop-user-distro] syncContextStores <HOME>/.docker/contexts <-> /mnt/c/Users/robbs/.docker/contexts
[2026-01-19T08:29:59.057603900Z][docker-desktop-user-distro] syncContextStores <HOME>/.docker/contexts <-> /mnt/c/Users/robbs/.docker/contexts: syncNoop
-------------------------------------------------------------------------------->8
[2026-01-19T08:29:59.396655255Z][docker-desktop-user-distro] linkPathToWindows windowsPath = /mnt/c/Users/robbs/.aws, linkPath = <HOME>/.aws
[2026-01-19T08:29:59.406392411Z][docker-desktop-user-distro] no need to symlink <HOME>/.aws to /mnt/c/Users/robbs/.aws: they are the same path already
-------------------------------------------------------------------------------->8
[2026-01-19T08:29:59.752572538Z][docker-desktop-user-distro] linkPathToWindows windowsPath = /mnt/c/Users/robbs/.azure, linkPath = <HOME>/.azure
[2026-01-19T08:29:59.762715064Z][docker-desktop-user-distro] no need to symlink <HOME>/.azure to /mnt/c/Users/robbs/.azure: they are the same path already
-------------------------------------------------------------------------------->8
[2026-01-19T08:30:00.128060673Z][docker-desktop-user-distro] linkPathToWindows windowsPath = /mnt/c/Users/robbs/.docker/features.json, linkPath = ~/.docker/features.json
-------------------------------------------------------------------------------->8
[2026-01-20T10:40:16.812015519Z][docker-desktop-user-distro] syncContextStores <HOME>/.docker/contexts <-> /mnt/c/Users/robbs/.docker/contexts
[2026-01-20T10:40:16.832023828Z][docker-desktop-user-distro] syncContextStores <HOME>/.docker/contexts <-> /mnt/c/Users/robbs/.docker/contexts: syncNoop
-------------------------------------------------------------------------------->8
[2026-01-20T10:40:17.218063764Z][docker-desktop-user-distro] linkPathToWindows windowsPath = /mnt/c/Users/robbs/.aws, linkPath = <HOME>/.aws
[2026-01-20T10:40:17.232738355Z][docker-desktop-user-distro] no need to symlink <HOME>/.aws to /mnt/c/Users/robbs/.aws: they are the same path already
-------------------------------------------------------------------------------->8
[2026-01-20T10:40:17.611752976Z][docker-desktop-user-distro] linkPathToWindows windowsPath = /mnt/c/Users/robbs/.azure, linkPath = <HOME>/.azure
[2026-01-20T10:40:17.626348976Z][docker-desktop-user-distro] no need to symlink <HOME>/.azure to /mnt/c/Users/robbs/.azure: they are the same path already
-------------------------------------------------------------------------------->8
[2026-01-20T10:40:17.981441398Z][docker-desktop-user-distro] linkPathToWindows windowsPath = /mnt/c/Users/robbs/.docker/features.json, linkPath = ~/.docker/features.json
-------------------------------------------------------------------------------->8
[2026-01-20T20:04:14.002182555Z][docker-desktop-user-distro] syncContextStores <HOME>/.docker/contexts <-> /mnt/c/Users/robbs/.docker/contexts
[2026-01-20T20:04:14.012453964Z][docker-desktop-user-distro] syncContextStores <HOME>/.docker/contexts <-> /mnt/c/Users/robbs/.docker/contexts: syncNoop
-------------------------------------------------------------------------------->8
[2026-01-20T20:04:14.375308389Z][docker-desktop-user-distro] linkPathToWindows windowsPath = /mnt/c/Users/robbs/.aws, linkPath = <HOME>/.aws
[2026-01-20T20:04:14.383570141Z][docker-desktop-user-distro] no need to symlink <HOME>/.aws to /mnt/c/Users/robbs/.aws: they are the same path already
-------------------------------------------------------------------------------->8
[2026-01-20T20:04:14.758947329Z][docker-desktop-user-distro] linkPathToWindows windowsPath = /mnt/c/Users/robbs/.azure, linkPath = <HOME>/.azure
[2026-01-20T20:04:14.766171974Z][docker-desktop-user-distro] no need to symlink <HOME>/.azure to /mnt/c/Users/robbs/.azure: they are the same path already
-------------------------------------------------------------------------------->8
[2026-01-20T20:04:15.129361206Z][docker-desktop-user-distro] linkPathToWindows windowsPath = /mnt/c/Users/robbs/.docker/features.json, linkPath = ~/.docker/features.json
-------------------------------------------------------------------------------->8
[2026-01-21T08:06:47.650887463Z][docker-desktop-user-distro] syncContextStores <HOME>/.docker/contexts <-> /mnt/c/Users/robbs/.docker/contexts
[2026-01-21T08:06:47.661410190Z][docker-desktop-user-distro] syncContextStores <HOME>/.docker/contexts <-> /mnt/c/Users/robbs/.docker/contexts: syncNoop
-------------------------------------------------------------------------------->8
[2026-01-21T08:06:48.031235138Z][docker-desktop-user-distro] linkPathToWindows windowsPath = /mnt/c/Users/robbs/.aws, linkPath = <HOME>/.aws
[2026-01-21T08:06:48.040436652Z][docker-desktop-user-distro] no need to symlink <HOME>/.aws to /mnt/c/Users/robbs/.aws: they are the same path already
-------------------------------------------------------------------------------->8
[2026-01-21T08:06:48.405810788Z][docker-desktop-user-distro] linkPathToWindows windowsPath = /mnt/c/Users/robbs/.azure, linkPath = <HOME>/.azure
[2026-01-21T08:06:48.416501636Z][docker-desktop-user-distro] no need to symlink <HOME>/.azure to /mnt/c/Users/robbs/.azure: they are the same path already
-------------------------------------------------------------------------------->8
[2026-01-21T08:06:48.778757979Z][docker-desktop-user-distro] linkPathToWindows windowsPath = /mnt/c/Users/robbs/.docker/features.json, linkPath = ~/.docker/features.json
-------------------------------------------------------------------------------->8
[2026-01-22T08:21:00.017293968Z][docker-desktop-user-distro] syncContextStores <HOME>/.docker/contexts <-> /mnt/c/Users/robbs/.docker/contexts
[2026-01-22T08:21:00.029054807Z][docker-desktop-user-distro] syncContextStores <HOME>/.docker/contexts <-> /mnt/c/Users/robbs/.docker/contexts: syncNoop
-------------------------------------------------------------------------------->8
[2026-01-22T08:21:00.399150925Z][docker-desktop-user-distro] linkPathToWindows windowsPath = /mnt/c/Users/robbs/.aws, linkPath = <HOME>/.aws
[2026-01-22T08:21:00.410798600Z][docker-desktop-user-distro] no need to symlink <HOME>/.aws to /mnt/c/Users/robbs/.aws: they are the same path already
-------------------------------------------------------------------------------->8
[2026-01-22T08:21:00.818396194Z][docker-desktop-user-distro] linkPathToWindows windowsPath = /mnt/c/Users/robbs/.azure, linkPath = <HOME>/.azure
[2026-01-22T08:21:00.831333653Z][docker-desktop-user-distro] no need to symlink <HOME>/.azure to /mnt/c/Users/robbs/.azure: they are the same path already
-------------------------------------------------------------------------------->8
[2026-01-22T08:21:01.225975501Z][docker-desktop-user-distro] linkPathToWindows windowsPath = /mnt/c/Users/robbs/.docker/features.json, linkPath = ~/.docker/features.json
-------------------------------------------------------------------------------->8
[2026-02-06T10:04:23.309792132Z][docker-desktop-user-distro] syncContextStores <HOME>/.docker/contexts <-> /mnt/c/Users/robbs/.docker/contexts
[2026-02-06T10:04:23.320150799Z][docker-desktop-user-distro] syncContextStores <HOME>/.docker/contexts <-> /mnt/c/Users/robbs/.docker/contexts: syncNoop
-------------------------------------------------------------------------------->8
[2026-02-06T10:04:23.719401356Z][docker-desktop-user-distro] linkPathToWindows windowsPath = /mnt/c/Users/robbs/.aws, linkPath = <HOME>/.aws
[2026-02-06T10:04:23.731154473Z][docker-desktop-user-distro] no need to symlink <HOME>/.aws to /mnt/c/Users/robbs/.aws: they are the same path already
-------------------------------------------------------------------------------->8
[2026-02-06T10:04:24.225490977Z][docker-desktop-user-distro] linkPathToWindows windowsPath = /mnt/c/Users/robbs/.azure, linkPath = <HOME>/.azure
[2026-02-06T10:04:24.244412495Z][docker-desktop-user-distro] no need to symlink <HOME>/.azure to /mnt/c/Users/robbs/.azure: they are the same path already
-------------------------------------------------------------------------------->8
[2026-02-06T10:04:24.741299527Z][docker-desktop-user-distro] linkPathToWindows windowsPath = /mnt/c/Users/robbs/.docker/features.json, linkPath = ~/.docker/features.json
-------------------------------------------------------------------------------->8
[2026-03-24T10:26:26.765228895Z][docker-desktop-user-distro] syncContextStores <HOME>/.docker/contexts <-> /mnt/c/Users/robbs/.docker/contexts
[2026-03-24T10:26:26.780703679Z][docker-desktop-user-distro] syncContextStores <HOME>/.docker/contexts <-> /mnt/c/Users/robbs/.docker/contexts: syncNoop
-------------------------------------------------------------------------------->8
[2026-03-24T10:26:27.139574801Z][docker-desktop-user-distro] linkPathToWindows windowsPath = /mnt/c/Users/robbs/.aws, linkPath = <HOME>/.aws
[2026-03-24T10:26:27.154451787Z][docker-desktop-user-distro] no need to symlink <HOME>/.aws to /mnt/c/Users/robbs/.aws: they are the same path already
-------------------------------------------------------------------------------->8
[2026-03-24T10:26:27.545489223Z][docker-desktop-user-distro] linkPathToWindows windowsPath = /mnt/c/Users/robbs/.azure, linkPath = <HOME>/.azure
[2026-03-24T10:26:27.559894517Z][docker-desktop-user-distro] no need to symlink <HOME>/.azure to /mnt/c/Users/robbs/.azure: they are the same path already
-------------------------------------------------------------------------------->8
[2026-03-24T10:26:27.935225200Z][docker-desktop-user-distro] linkPathToWindows windowsPath = /mnt/c/Users/robbs/.docker/features.json, linkPath = ~/.docker/features.json
-------------------------------------------------------------------------------->8
[2026-03-30T19:13:02.263617671Z][docker-desktop-user-distro] syncContextStores <HOME>/.docker/contexts <-> /mnt/c/Users/robbs/.docker/contexts
[2026-03-30T19:13:02.274898780Z][docker-desktop-user-distro] syncContextStores <HOME>/.docker/contexts <-> /mnt/c/Users/robbs/.docker/contexts: syncNoop
-------------------------------------------------------------------------------->8
[2026-03-30T19:13:02.588615915Z][docker-desktop-user-distro] linkPathToWindows windowsPath = /mnt/c/Users/robbs/.aws, linkPath = <HOME>/.aws
[2026-03-30T19:13:02.598768221Z][docker-desktop-user-distro] no need to symlink <HOME>/.aws to /mnt/c/Users/robbs/.aws: they are the same path already
-------------------------------------------------------------------------------->8
[2026-03-30T19:13:02.942048629Z][docker-desktop-user-distro] linkPathToWindows windowsPath = /mnt/c/Users/robbs/.azure, linkPath = <HOME>/.azure
[2026-03-30T19:13:02.951726947Z][docker-desktop-user-distro] no need to symlink <HOME>/.azure to /mnt/c/Users/robbs/.azure: they are the same path already
-------------------------------------------------------------------------------->8
[2026-03-30T19:13:03.297571346Z][docker-desktop-user-distro] linkPathToWindows windowsPath = /mnt/c/Users/robbs/.docker/features.json, linkPath = ~/.docker/features.json
-------------------------------------------------------------------------------->8
[2026-04-01T08:36:27.491156347Z][docker-desktop-user-distro] syncContextStores <HOME>/.docker/contexts <-> /mnt/c/Users/robbs/.docker/contexts
[2026-04-01T08:36:27.509814558Z][docker-desktop-user-distro] syncContextStores <HOME>/.docker/contexts <-> /mnt/c/Users/robbs/.docker/contexts: syncNoop
-------------------------------------------------------------------------------->8
[2026-04-01T08:36:27.882916938Z][docker-desktop-user-distro] linkPathToWindows windowsPath = /mnt/c/Users/robbs/.aws, linkPath = <HOME>/.aws
[2026-04-01T08:36:27.896732933Z][docker-desktop-user-distro] no need to symlink <HOME>/.aws to /mnt/c/Users/robbs/.aws: they are the same path already
-------------------------------------------------------------------------------->8
[2026-04-01T08:36:28.288290760Z][docker-desktop-user-distro] linkPathToWindows windowsPath = /mnt/c/Users/robbs/.azure, linkPath = <HOME>/.azure
[2026-04-01T08:36:28.300661942Z][docker-desktop-user-distro] no need to symlink <HOME>/.azure to /mnt/c/Users/robbs/.azure: they are the same path already
-------------------------------------------------------------------------------->8
[2026-04-01T08:36:28.692186924Z][docker-desktop-user-distro] linkPathToWindows windowsPath = /mnt/c/Users/robbs/.docker/features.json, linkPath = ~/.docker/features.json
-------------------------------------------------------------------------------->8
[2026-04-01T09:17:15.977422464Z][docker-desktop-user-distro] syncContextStores <HOME>/.docker/contexts <-> /mnt/c/Users/robbs/.docker/contexts
[2026-04-01T09:17:15.986302537Z][docker-desktop-user-distro] syncContextStores <HOME>/.docker/contexts <-> /mnt/c/Users/robbs/.docker/contexts: syncNoop
-------------------------------------------------------------------------------->8
[2026-04-01T09:17:16.344949014Z][docker-desktop-user-distro] linkPathToWindows windowsPath = /mnt/c/Users/robbs/.aws, linkPath = <HOME>/.aws
[2026-04-01T09:17:16.349971338Z][docker-desktop-user-distro] no need to symlink <HOME>/.aws to /mnt/c/Users/robbs/.aws: they are the same path already
-------------------------------------------------------------------------------->8
[2026-04-01T09:17:16.737607308Z][docker-desktop-user-distro] linkPathToWindows windowsPath = /mnt/c/Users/robbs/.azure, linkPath = <HOME>/.azure
[2026-04-01T09:17:16.742752313Z][docker-desktop-user-distro] no need to symlink <HOME>/.azure to /mnt/c/Users/robbs/.azure: they are the same path already
-------------------------------------------------------------------------------->8
[2026-04-01T09:17:17.127283590Z][docker-desktop-user-distro] linkPathToWindows windowsPath = /mnt/c/Users/robbs/.docker/features.json, linkPath = ~/.docker/features.json
-------------------------------------------------------------------------------->8
[2026-04-14T07:46:36.253193040Z][docker-desktop-user-distro] syncContextStores <HOME>/.docker/contexts <-> /mnt/c/Users/robbs/.docker/contexts
[2026-04-14T07:46:36.269317839Z][docker-desktop-user-distro] syncContextStores <HOME>/.docker/contexts <-> /mnt/c/Users/robbs/.docker/contexts: syncNoop
-------------------------------------------------------------------------------->8
[2026-04-14T07:46:36.653523064Z][docker-desktop-user-distro] linkPathToWindows windowsPath = /mnt/c/Users/robbs/.aws, linkPath = <HOME>/.aws
[2026-04-14T07:46:36.666289362Z][docker-desktop-user-distro] no need to symlink <HOME>/.aws to /mnt/c/Users/robbs/.aws: they are the same path already
-------------------------------------------------------------------------------->8
[2026-04-14T07:46:37.059554587Z][docker-desktop-user-distro] linkPathToWindows windowsPath = /mnt/c/Users/robbs/.azure, linkPath = <HOME>/.azure
[2026-04-14T07:46:37.074022427Z][docker-desktop-user-distro] no need to symlink <HOME>/.azure to /mnt/c/Users/robbs/.azure: they are the same path already
-------------------------------------------------------------------------------->8
[2026-04-14T07:46:37.517809541Z][docker-desktop-user-distro] linkPathToWindows windowsPath = /mnt/c/Users/robbs/.docker/features.json, linkPath = ~/.docker/features.json
-------------------------------------------------------------------------------->8
[2026-04-29T19:24:25.474682880Z][docker-desktop-user-distro] syncContextStores <HOME>/.docker/contexts <-> /mnt/c/Users/robbs/.docker/contexts
[2026-04-29T19:24:25.487621141Z][docker-desktop-user-distro] syncContextStores <HOME>/.docker/contexts <-> /mnt/c/Users/robbs/.docker/contexts: syncNoop
-------------------------------------------------------------------------------->8
[2026-04-29T19:24:25.891584319Z][docker-desktop-user-distro] linkPathToWindows windowsPath = /mnt/c/Users/robbs/.aws, linkPath = <HOME>/.aws
[2026-04-29T19:24:25.902914573Z][docker-desktop-user-distro] no need to symlink <HOME>/.aws to /mnt/c/Users/robbs/.aws: they are the same path already
-------------------------------------------------------------------------------->8
[2026-04-29T19:24:26.486444457Z][docker-desktop-user-distro] linkPathToWindows windowsPath = /mnt/c/Users/robbs/.azure, linkPath = <HOME>/.azure
[2026-04-29T19:24:26.501478792Z][docker-desktop-user-distro] no need to symlink <HOME>/.azure to /mnt/c/Users/robbs/.azure: they are the same path already
-------------------------------------------------------------------------------->8
[2026-04-29T19:24:27.010490122Z][docker-desktop-user-distro] linkPathToWindows windowsPath = /mnt/c/Users/robbs/.docker/features.json, linkPath = ~/.docker/features.json
-------------------------------------------------------------------------------->8
[2026-04-29T19:27:00.623879512Z][docker-desktop-user-distro] syncContextStores <HOME>/.docker/contexts <-> /mnt/c/Users/robbs/.docker/contexts
[2026-04-29T19:27:00.629755080Z][docker-desktop-user-distro] syncContextStores <HOME>/.docker/contexts <-> /mnt/c/Users/robbs/.docker/contexts: syncNoop
-------------------------------------------------------------------------------->8
[2026-04-29T19:27:01.008851240Z][docker-desktop-user-distro] linkPathToWindows windowsPath = /mnt/c/Users/robbs/.aws, linkPath = <HOME>/.aws
[2026-04-29T19:27:01.012833650Z][docker-desktop-user-distro] no need to symlink <HOME>/.aws to /mnt/c/Users/robbs/.aws: they are the same path already
-------------------------------------------------------------------------------->8
[2026-04-29T19:27:01.521741307Z][docker-desktop-user-distro] linkPathToWindows windowsPath = /mnt/c/Users/robbs/.azure, linkPath = <HOME>/.azure
[2026-04-29T19:27:01.525519147Z][docker-desktop-user-distro] no need to symlink <HOME>/.azure to /mnt/c/Users/robbs/.azure: they are the same path already
-------------------------------------------------------------------------------->8
[2026-04-29T19:27:01.924484532Z][docker-desktop-user-distro] linkPathToWindows windowsPath = /mnt/c/Users/robbs/.docker/features.json, linkPath = ~/.docker/features.json
-------------------------------------------------------------------------------->8
[2026-05-03T12:11:18.080727177Z][docker-desktop-user-distro] syncContextStores <HOME>/.docker/contexts <-> /mnt/c/Users/robbs/.docker/contexts
[2026-05-03T12:11:18.094642573Z][docker-desktop-user-distro] syncContextStores <HOME>/.docker/contexts <-> /mnt/c/Users/robbs/.docker/contexts: syncNoop
-------------------------------------------------------------------------------->8
[2026-05-03T12:11:18.545022949Z][docker-desktop-user-distro] linkPathToWindows windowsPath = /mnt/c/Users/robbs/.aws, linkPath = <HOME>/.aws
[2026-05-03T12:11:18.555305036Z][docker-desktop-user-distro] no need to symlink <HOME>/.aws to /mnt/c/Users/robbs/.aws: they are the same path already
-------------------------------------------------------------------------------->8
[2026-05-03T12:11:19.017806851Z][docker-desktop-user-distro] linkPathToWindows windowsPath = /mnt/c/Users/robbs/.azure, linkPath = <HOME>/.azure
[2026-05-03T12:11:19.028105653Z][docker-desktop-user-distro] no need to symlink <HOME>/.azure to /mnt/c/Users/robbs/.azure: they are the same path already
-------------------------------------------------------------------------------->8
[2026-05-03T12:11:19.728965443Z][docker-desktop-user-distro] linkPathToWindows windowsPath = /mnt/c/Users/robbs/.docker/features.json, linkPath = ~/.docker/features.json
